c:\users\knamy\desktop\asembler\ja_filtr\filtrcpp\x64\debug\filtrcpp.pch
c:\users\knamy\desktop\asembler\ja_filtr\filtrcpp\x64\debug\vc143.pdb
c:\users\knamy\desktop\asembler\ja_filtr\filtrcpp\x64\debug\vc143.idb
c:\users\knamy\desktop\asembler\ja_filtr\filtrcpp\x64\debug\pch.obj
c:\users\knamy\desktop\asembler\ja_filtr\filtrcpp\x64\debug\pch.asm
c:\users\knamy\desktop\asembler\ja_filtr\filtrcpp\x64\debug\dllmain.obj
c:\users\knamy\desktop\asembler\ja_filtr\filtrcpp\x64\debug\dllmain.asm
c:\users\knamy\desktop\asembler\ja_filtr\x64\debug\filtrcpp.dll
c:\users\knamy\desktop\asembler\ja_filtr\x64\debug\filtrcpp.pdb
c:\users\knamy\desktop\asembler\ja_filtr\x64\debug\filtrcpp.lib
c:\users\knamy\desktop\asembler\ja_filtr\x64\debug\filtrcpp.exp
c:\users\knamy\desktop\asembler\ja_filtr\filtrcpp\x64\debug\filtrcpp.ilk
c:\users\knamy\desktop\asembler\ja_filtr\filtrcpp\x64\debug\filtrcpp.tlog\cl.command.1.tlog
c:\users\knamy\desktop\asembler\ja_filtr\filtrcpp\x64\debug\filtrcpp.tlog\cl.items.tlog
c:\users\knamy\desktop\asembler\ja_filtr\filtrcpp\x64\debug\filtrcpp.tlog\cl.read.1.tlog
c:\users\knamy\desktop\asembler\ja_filtr\filtrcpp\x64\debug\filtrcpp.tlog\cl.write.1.tlog
c:\users\knamy\desktop\asembler\ja_filtr\filtrcpp\x64\debug\filtrcpp.tlog\link.command.1.tlog
c:\users\knamy\desktop\asembler\ja_filtr\filtrcpp\x64\debug\filtrcpp.tlog\link.read.1.tlog
c:\users\knamy\desktop\asembler\ja_filtr\filtrcpp\x64\debug\filtrcpp.tlog\link.secondary.1.tlog
c:\users\knamy\desktop\asembler\ja_filtr\filtrcpp\x64\debug\filtrcpp.tlog\link.write.1.tlog
