  Assembling filtrwasm.asm...
filtrwasm.asm(1): error A2013: .MODEL must precede this directive
filtrwasm.asm(2): error A2034: must be in segment block : MyProc1
filtrwasm.asm(4): error A2034: must be in segment block
filtrwasm.asm(5): error A2034: must be in segment block
filtrwasm.asm(6): error A2034: must be in segment block
filtrwasm.asm(7): error A2034: must be in segment block
filtrwasm.asm(8): error A2034: must be in segment block
filtrwasm.asm(9): error A2034: must be in segment block
filtrwasm.asm(12): error A2034: must be in segment block
filtrwasm.asm(13): error A2034: must be in segment block
filtrwasm.asm(14): error A2034: must be in segment block
filtrwasm.asm(16): error A2034: must be in segment block
filtrwasm.asm(18): error A2034: must be in segment block
filtrwasm.asm(21): error A2034: must be in segment block
filtrwasm.asm(24): error A2034: must be in segment block
filtrwasm.asm(27): error A2034: must be in segment block
filtrwasm.asm(28): error A2034: must be in segment block
filtrwasm.asm(29): error A2034: must be in segment block
filtrwasm.asm(31): error A2034: must be in segment block
filtrwasm.asm(32): fatal error A1010: unmatched block nesting : MyProc1
C:\Program Files\Microsoft Visual Studio\2022\Community\MSBuild\Microsoft\VC\v170\BuildCustomizations\masm.targets(70,5): error MSB3721: Polecenie ml.exe /c /nologo /Zi /Fo"Debug\filtrwasm.obj" /W3 /errorReport:prompt  /Tafiltrwasm.asm zostało zakończone; kod błędu: 1.
